<?xml version="1.0" encoding="UTF-8"?>
<coverage generated="1763308071824" clover="3.2.0">
  <project timestamp="1763308071824" name="All files">
    <metrics statements="169" coveredstatements="132" conditionals="79" coveredconditionals="56" methods="28" coveredmethods="23" elements="276" coveredelements="211" complexity="0" loc="169" ncloc="169" packages="5" files="6" classes="6"/>
    <package name="src">
      <metrics statements="10" coveredstatements="6" conditionals="2" coveredconditionals="1" methods="1" coveredmethods="1"/>
      <file name="config.ts" path="C:\Programming\rotmg-raid-bot\backend\src\config.ts">
        <metrics statements="10" coveredstatements="6" conditionals="2" coveredconditionals="1" methods="1" coveredmethods="1"/>
        <line num="4" count="2" type="stmt"/>
        <line num="14" count="2" type="stmt"/>
        <line num="15" count="2" type="stmt"/>
        <line num="17" count="2" type="cond" truecount="1" falsecount="1"/>
        <line num="18" count="0" type="stmt"/>
        <line num="19" count="0" type="stmt"/>
        <line num="20" count="0" type="stmt"/>
        <line num="22" count="0" type="stmt"/>
        <line num="25" count="2" type="stmt"/>
        <line num="28" count="2" type="stmt"/>
      </file>
    </package>
    <package name="src.db">
      <metrics statements="33" coveredstatements="20" conditionals="16" coveredconditionals="7" methods="5" coveredmethods="3"/>
      <file name="pool.ts" path="C:\Programming\rotmg-raid-bot\backend\src\db\pool.ts">
        <metrics statements="33" coveredstatements="20" conditionals="16" coveredconditionals="7" methods="5" coveredmethods="3"/>
        <line num="7" count="2" type="stmt"/>
        <line num="10" count="2" type="cond" truecount="3" falsecount="1"/>
        <line num="14" count="2" type="cond" truecount="1" falsecount="1"/>
        <line num="16" count="0" type="stmt"/>
        <line num="17" count="0" type="stmt"/>
        <line num="20" count="2" type="stmt"/>
        <line num="25" count="2" type="stmt"/>
        <line num="28" count="426" type="stmt"/>
        <line num="29" count="426" type="stmt"/>
        <line num="32" count="426" type="stmt"/>
        <line num="38" count="426" type="stmt"/>
        <line num="39" count="426" type="stmt"/>
        <line num="40" count="426" type="stmt"/>
        <line num="43" count="426" type="cond" truecount="1" falsecount="1"/>
        <line num="44" count="0" type="stmt"/>
        <line num="52" count="426" type="stmt"/>
        <line num="59" count="426" type="stmt"/>
        <line num="61" count="0" type="stmt"/>
        <line num="64" count="0" type="stmt"/>
        <line num="73" count="0" type="stmt"/>
        <line num="78" count="2" type="stmt"/>
        <line num="79" count="0" type="stmt"/>
        <line num="82" count="2" type="stmt"/>
        <line num="83" count="2" type="stmt"/>
        <line num="86" count="2" type="stmt"/>
        <line num="87" count="2" type="stmt"/>
        <line num="90" count="2" type="stmt"/>
        <line num="91" count="0" type="stmt"/>
        <line num="92" count="0" type="stmt"/>
        <line num="93" count="0" type="stmt"/>
        <line num="94" count="0" type="stmt"/>
        <line num="96" count="0" type="cond" truecount="0" falsecount="2"/>
        <line num="98" count="0" type="stmt"/>
      </file>
    </package>
    <package name="src.lib.logging">
      <metrics statements="3" coveredstatements="3" conditionals="4" coveredconditionals="3" methods="1" coveredmethods="1"/>
      <file name="logger.ts" path="C:\Programming\rotmg-raid-bot\backend\src\lib\logging\logger.ts">
        <metrics statements="3" coveredstatements="3" conditionals="4" coveredconditionals="3" methods="1" coveredmethods="1"/>
        <line num="18" count="2" type="stmt"/>
        <line num="35" count="3" type="stmt"/>
        <line num="41" count="2" type="stmt"/>
      </file>
    </package>
    <package name="src.services">
      <metrics statements="100" coveredstatements="81" conditionals="52" coveredconditionals="40" methods="10" coveredmethods="8"/>
      <file name="quota-service.ts" path="C:\Programming\rotmg-raid-bot\backend\src\services\quota-service.ts">
        <metrics statements="68" coveredstatements="59" conditionals="42" coveredconditionals="38" methods="5" coveredmethods="5"/>
        <line num="16" count="2" type="stmt"/>
        <line num="72" count="13" type="cond" truecount="2" falsecount="0"/>
        <line num="75" count="13" type="stmt"/>
        <line num="83" count="13" type="stmt"/>
        <line num="98" count="13" type="cond" truecount="2" falsecount="0"/>
        <line num="99" count="2" type="stmt"/>
        <line num="101" count="2" type="stmt"/>
        <line num="104" count="11" type="stmt"/>
        <line num="105" count="11" type="stmt"/>
        <line num="113" count="11" type="stmt"/>
        <line num="130" count="10" type="cond" truecount="2" falsecount="0"/>
        <line num="133" count="10" type="stmt"/>
        <line num="140" count="10" type="cond" truecount="2" falsecount="0"/>
        <line num="141" count="1" type="stmt"/>
        <line num="147" count="1" type="stmt"/>
        <line num="151" count="9" type="stmt"/>
        <line num="160" count="9" type="cond" truecount="2" falsecount="0"/>
        <line num="161" count="2" type="stmt"/>
        <line num="166" count="2" type="stmt"/>
        <line num="170" count="7" type="stmt"/>
        <line num="171" count="7" type="stmt"/>
        <line num="172" count="9" type="stmt"/>
        <line num="174" count="9" type="stmt"/>
        <line num="189" count="9" type="cond" truecount="3" falsecount="1"/>
        <line num="191" count="9" type="stmt"/>
        <line num="197" count="9" type="stmt"/>
        <line num="200" count="0" type="stmt"/>
        <line num="207" count="0" type="stmt"/>
        <line num="211" count="7" type="stmt"/>
        <line num="221" count="7" type="stmt"/>
        <line num="238" count="13" type="cond" truecount="2" falsecount="0"/>
        <line num="241" count="13" type="stmt"/>
        <line num="248" count="13" type="cond" truecount="2" falsecount="0"/>
        <line num="249" count="1" type="stmt"/>
        <line num="254" count="1" type="stmt"/>
        <line num="258" count="12" type="stmt"/>
        <line num="265" count="12" type="cond" truecount="2" falsecount="0"/>
        <line num="266" count="2" type="stmt"/>
        <line num="268" count="2" type="stmt"/>
        <line num="272" count="10" type="stmt"/>
        <line num="273" count="10" type="stmt"/>
        <line num="274" count="12" type="stmt"/>
        <line num="276" count="12" type="stmt"/>
        <line num="291" count="12" type="cond" truecount="4" falsecount="0"/>
        <line num="292" count="10" type="stmt"/>
        <line num="295" count="0" type="stmt"/>
        <line num="301" count="0" type="stmt"/>
        <line num="305" count="10" type="stmt"/>
        <line num="314" count="10" type="stmt"/>
        <line num="336" count="13" type="cond" truecount="4" falsecount="0"/>
        <line num="337" count="12" type="stmt"/>
        <line num="347" count="12" type="cond" truecount="2" falsecount="2"/>
        <line num="348" count="0" type="stmt"/>
        <line num="349" count="0" type="stmt"/>
        <line num="351" count="0" type="stmt"/>
        <line num="354" count="12" type="stmt"/>
        <line num="356" count="12" type="stmt"/>
        <line num="360" count="1" type="stmt"/>
        <line num="372" count="1" type="cond" truecount="3" falsecount="1"/>
        <line num="373" count="1" type="stmt"/>
        <line num="374" count="1" type="stmt"/>
        <line num="376" count="1" type="stmt"/>
        <line num="380" count="0" type="stmt"/>
        <line num="382" count="0" type="stmt"/>
        <line num="396" count="23" type="stmt"/>
        <line num="403" count="23" type="cond" truecount="4" falsecount="0"/>
        <line num="404" count="5" type="stmt"/>
        <line num="407" count="18" type="stmt"/>
      </file>
      <file name="run-service.ts" path="C:\Programming\rotmg-raid-bot\backend\src\services\run-service.ts">
        <metrics statements="32" coveredstatements="22" conditionals="10" coveredconditionals="2" methods="5" coveredmethods="3"/>
        <line num="17" count="1" type="stmt"/>
        <line num="20" count="1" type="stmt"/>
        <line num="69" count="7" type="stmt"/>
        <line num="70" count="7" type="stmt"/>
        <line num="71" count="7" type="stmt"/>
        <line num="72" count="7" type="stmt"/>
        <line num="73" count="7" type="stmt"/>
        <line num="74" count="7" type="stmt"/>
        <line num="76" count="0" type="stmt"/>
        <line num="77" count="0" type="stmt"/>
        <line num="79" count="7" type="stmt"/>
        <line num="97" count="0" type="stmt"/>
        <line num="100" count="0" type="stmt"/>
        <line num="102" count="0" type="stmt"/>
        <line num="109" count="0" type="stmt"/>
        <line num="116" count="0" type="stmt"/>
        <line num="137" count="0" type="stmt"/>
        <line num="140" count="0" type="stmt"/>
        <line num="143" count="0" type="stmt"/>
        <line num="165" count="7" type="stmt"/>
        <line num="168" count="7" type="stmt"/>
        <line num="170" count="7" type="stmt"/>
        <line num="179" count="7" type="stmt"/>
        <line num="188" count="7" type="stmt"/>
        <line num="190" count="7" type="cond" truecount="2" falsecount="0"/>
        <line num="192" count="1" type="stmt"/>
        <line num="198" count="1" type="stmt"/>
        <line num="202" count="6" type="stmt"/>
        <line num="207" count="6" type="stmt"/>
        <line num="211" count="7" type="stmt"/>
        <line num="217" count="7" type="stmt"/>
        <line num="224" count="7" type="stmt"/>
      </file>
    </package>
    <package name="test.helpers">
      <metrics statements="23" coveredstatements="22" conditionals="5" coveredconditionals="5" methods="11" coveredmethods="10"/>
      <file name="test-db.ts" path="C:\Programming\rotmg-raid-bot\backend\test\helpers\test-db.ts">
        <metrics statements="23" coveredstatements="22" conditionals="5" coveredconditionals="5" methods="11" coveredmethods="10"/>
        <line num="18" count="23" type="stmt"/>
        <line num="19" count="23" type="stmt"/>
        <line num="20" count="23" type="stmt"/>
        <line num="21" count="23" type="stmt"/>
        <line num="22" count="23" type="stmt"/>
        <line num="23" count="23" type="stmt"/>
        <line num="24" count="23" type="stmt"/>
        <line num="25" count="23" type="stmt"/>
        <line num="26" count="23" type="stmt"/>
        <line num="27" count="23" type="stmt"/>
        <line num="28" count="23" type="stmt"/>
        <line num="36" count="2" type="stmt"/>
        <line num="43" count="23" type="stmt"/>
        <line num="53" count="69" type="stmt"/>
        <line num="67" count="0" type="stmt"/>
        <line num="85" count="24" type="stmt"/>
        <line num="91" count="24" type="stmt"/>
        <line num="98" count="13" type="stmt"/>
        <line num="113" count="10" type="stmt"/>
        <line num="128" count="5" type="stmt"/>
        <line num="144" count="1" type="stmt"/>
        <line num="163" count="1" type="stmt"/>
        <line num="165" count="1" type="stmt"/>
      </file>
    </package>
  </project>
</coverage>
