{"C:\\Programming\\rotmg-raid-bot\\backend\\src\\config.ts": {"path":"C:\\Programming\\rotmg-raid-bot\\backend\\src\\config.ts","statementMap":{"0":{"start":{"line":4,"column":18},"end":{"line":10,"column":null}},"1":{"start":{"line":14,"column":33},"end":{"line":26,"column":null}},"2":{"start":{"line":15,"column":17},"end":{"line":15,"column":null}},"3":{"start":{"line":17,"column":2},"end":{"line":23,"column":null}},"4":{"start":{"line":18,"column":4},"end":{"line":18,"column":null}},"5":{"start":{"line":19,"column":4},"end":{"line":21,"column":null}},"6":{"start":{"line":20,"column":6},"end":{"line":20,"column":null}},"7":{"start":{"line":22,"column":4},"end":{"line":22,"column":null}},"8":{"start":{"line":25,"column":2},"end":{"line":25,"column":null}},"9":{"start":{"line":28,"column":29},"end":{"line":28,"column":null}}},"fnMap":{"0":{"name":"(anonymous_0)","decl":{"start":{"line":14,"column":33},"end":{"line":14,"column":54}},"loc":{"start":{"line":14,"column":54},"end":{"line":26,"column":null}},"line":14}},"branchMap":{"0":{"loc":{"start":{"line":17,"column":2},"end":{"line":23,"column":null}},"type":"if","locations":[{"start":{"line":17,"column":2},"end":{"line":23,"column":null}},{"start":{},"end":{}}],"line":17}},"s":{"0":2,"1":2,"2":2,"3":2,"4":0,"5":0,"6":0,"7":0,"8":2,"9":2},"f":{"0":2},"b":{"0":[0,2]},"meta":{"lastBranch":1,"lastFunction":1,"lastStatement":10,"seen":{"s:4:18:10:Infinity":0,"s:14:33:26:Infinity":1,"f:14:33:14:54":0,"s:15:17:15:Infinity":2,"b:17:2:23:Infinity:undefined:undefined:undefined:undefined":0,"s:17:2:23:Infinity":3,"s:18:4:18:Infinity":4,"s:19:4:21:Infinity":5,"s:20:6:20:Infinity":6,"s:22:4:22:Infinity":7,"s:25:2:25:Infinity":8,"s:28:29:28:Infinity":9}}}
,"C:\\Programming\\rotmg-raid-bot\\backend\\src\\db\\pool.ts": {"path":"C:\\Programming\\rotmg-raid-bot\\backend\\src\\db\\pool.ts","statementMap":{"0":{"start":{"line":7,"column":15},"end":{"line":7,"column":null}},"1":{"start":{"line":10,"column":4},"end":{"line":12,"column":null}},"2":{"start":{"line":14,"column":0},"end":{"line":18,"column":null}},"3":{"start":{"line":16,"column":4},"end":{"line":16,"column":null}},"4":{"start":{"line":17,"column":4},"end":{"line":17,"column":null}},"5":{"start":{"line":20,"column":20},"end":{"line":23,"column":null}},"6":{"start":{"line":25,"column":32},"end":{"line":25,"column":null}},"7":{"start":{"line":28,"column":10},"end":{"line":28,"column":null}},"8":{"start":{"line":29,"column":18},"end":{"line":29,"column":null}},"9":{"start":{"line":32,"column":4},"end":{"line":36,"column":null}},"10":{"start":{"line":38,"column":4},"end":{"line":74,"column":null}},"11":{"start":{"line":39,"column":20},"end":{"line":39,"column":null}},"12":{"start":{"line":40,"column":25},"end":{"line":40,"column":null}},"13":{"start":{"line":43,"column":8},"end":{"line":57,"column":null}},"14":{"start":{"line":44,"column":12},"end":{"line":49,"column":null}},"15":{"start":{"line":52,"column":12},"end":{"line":56,"column":null}},"16":{"start":{"line":59,"column":8},"end":{"line":59,"column":null}},"17":{"start":{"line":61,"column":25},"end":{"line":61,"column":null}},"18":{"start":{"line":64,"column":8},"end":{"line":71,"column":null}},"19":{"start":{"line":73,"column":8},"end":{"line":73,"column":null}},"20":{"start":{"line":78,"column":0},"end":{"line":80,"column":null}},"21":{"start":{"line":79,"column":4},"end":{"line":79,"column":null}},"22":{"start":{"line":82,"column":0},"end":{"line":84,"column":null}},"23":{"start":{"line":83,"column":4},"end":{"line":83,"column":null}},"24":{"start":{"line":86,"column":0},"end":{"line":88,"column":null}},"25":{"start":{"line":87,"column":4},"end":{"line":87,"column":null}},"26":{"start":{"line":90,"column":0},"end":{"line":100,"column":null}},"27":{"start":{"line":91,"column":4},"end":{"line":91,"column":null}},"28":{"start":{"line":92,"column":4},"end":{"line":99,"column":null}},"29":{"start":{"line":93,"column":8},"end":{"line":93,"column":null}},"30":{"start":{"line":94,"column":8},"end":{"line":94,"column":null}},"31":{"start":{"line":96,"column":8},"end":{"line":96,"column":null}},"32":{"start":{"line":98,"column":8},"end":{"line":98,"column":null}}},"fnMap":{"0":{"name":"query","decl":{"start":{"line":27,"column":22},"end":{"line":27,"column":73}},"loc":{"start":{"line":27,"column":103},"end":{"line":75,"column":null}},"line":27},"1":{"name":"(anonymous_1)","decl":{"start":{"line":78,"column":17},"end":{"line":78,"column":18}},"loc":{"start":{"line":78,"column":26},"end":{"line":80,"column":1}},"line":78},"2":{"name":"(anonymous_2)","decl":{"start":{"line":82,"column":19},"end":{"line":82,"column":25}},"loc":{"start":{"line":82,"column":25},"end":{"line":84,"column":1}},"line":82},"3":{"name":"(anonymous_3)","decl":{"start":{"line":86,"column":18},"end":{"line":86,"column":24}},"loc":{"start":{"line":86,"column":24},"end":{"line":88,"column":1}},"line":86},"4":{"name":"(anonymous_4)","decl":{"start":{"line":90,"column":21},"end":{"line":90,"column":33}},"loc":{"start":{"line":90,"column":33},"end":{"line":100,"column":1}},"line":90}},"branchMap":{"0":{"loc":{"start":{"line":10,"column":4},"end":{"line":12,"column":null}},"type":"cond-expr","locations":[{"start":{"line":11,"column":10},"end":{"line":11,"column":null}},{"start":{"line":12,"column":10},"end":{"line":12,"column":null}}],"line":10},"1":{"loc":{"start":{"line":10,"column":4},"end":{"line":10,"column":null}},"type":"binary-expr","locations":[{"start":{"line":10,"column":4},"end":{"line":10,"column":14}},{"start":{"line":10,"column":14},"end":{"line":10,"column":null}}],"line":10},"2":{"loc":{"start":{"line":14,"column":0},"end":{"line":18,"column":null}},"type":"if","locations":[{"start":{"line":14,"column":0},"end":{"line":18,"column":null}},{"start":{},"end":{}}],"line":14},"3":{"loc":{"start":{"line":35,"column":20},"end":{"line":35,"column":null}},"type":"binary-expr","locations":[{"start":{"line":35,"column":20},"end":{"line":35,"column":38}},{"start":{"line":35,"column":38},"end":{"line":35,"column":null}}],"line":35},"4":{"loc":{"start":{"line":43,"column":8},"end":{"line":57,"column":null}},"type":"if","locations":[{"start":{"line":43,"column":8},"end":{"line":57,"column":null}},{"start":{"line":50,"column":15},"end":{"line":57,"column":null}}],"line":43},"5":{"loc":{"start":{"line":69,"column":19},"end":{"line":69,"column":null}},"type":"cond-expr","locations":[{"start":{"line":69,"column":42},"end":{"line":69,"column":56}},{"start":{"line":69,"column":56},"end":{"line":69,"column":null}}],"line":69},"6":{"loc":{"start":{"line":70,"column":19},"end":{"line":70,"column":null}},"type":"cond-expr","locations":[{"start":{"line":70,"column":42},"end":{"line":70,"column":54}},{"start":{"line":70,"column":54},"end":{"line":70,"column":null}}],"line":70},"7":{"loc":{"start":{"line":96,"column":30},"end":{"line":96,"column":79}},"type":"cond-expr","locations":[{"start":{"line":96,"column":53},"end":{"line":96,"column":67}},{"start":{"line":96,"column":67},"end":{"line":96,"column":79}}],"line":96}},"s":{"0":2,"1":2,"2":2,"3":0,"4":0,"5":2,"6":2,"7":426,"8":426,"9":426,"10":426,"11":426,"12":426,"13":426,"14":0,"15":426,"16":426,"17":0,"18":0,"19":0,"20":2,"21":0,"22":2,"23":2,"24":2,"25":2,"26":2,"27":0,"28":0,"29":0,"30":0,"31":0,"32":0},"f":{"0":426,"1":0,"2":2,"3":2,"4":0},"b":{"0":[2,0],"1":[2,2],"2":[0,2],"3":[426,253],"4":[0,426],"5":[0,0],"6":[0,0],"7":[0,0]},"meta":{"lastBranch":8,"lastFunction":5,"lastStatement":33,"seen":{"s:7:15:7:Infinity":0,"s:10:4:12:Infinity":1,"b:11:10:11:Infinity:12:10:12:Infinity":0,"b:10:4:10:14:10:14:10:Infinity":1,"b:14:0:18:Infinity:undefined:undefined:undefined:undefined":2,"s:14:0:18:Infinity":2,"s:16:4:16:Infinity":3,"s:17:4:17:Infinity":4,"s:20:20:23:Infinity":5,"s:25:32:25:Infinity":6,"f:27:22:27:73":0,"s:28:10:28:Infinity":7,"s:29:18:29:Infinity":8,"s:32:4:36:Infinity":9,"b:35:20:35:38:35:38:35:Infinity":3,"s:38:4:74:Infinity":10,"s:39:20:39:Infinity":11,"s:40:25:40:Infinity":12,"b:43:8:57:Infinity:50:15:57:Infinity":4,"s:43:8:57:Infinity":13,"s:44:12:49:Infinity":14,"s:52:12:56:Infinity":15,"s:59:8:59:Infinity":16,"s:61:25:61:Infinity":17,"s:64:8:71:Infinity":18,"b:69:42:69:56:69:56:69:Infinity":5,"b:70:42:70:54:70:54:70:Infinity":6,"s:73:8:73:Infinity":19,"s:78:0:80:Infinity":20,"f:78:17:78:18":1,"s:79:4:79:Infinity":21,"s:82:0:84:Infinity":22,"f:82:19:82:25":2,"s:83:4:83:Infinity":23,"s:86:0:88:Infinity":24,"f:86:18:86:24":3,"s:87:4:87:Infinity":25,"s:90:0:100:Infinity":26,"f:90:21:90:33":4,"s:91:4:91:Infinity":27,"s:92:4:99:Infinity":28,"s:93:8:93:Infinity":29,"s:94:8:94:Infinity":30,"s:96:8:96:Infinity":31,"b:96:53:96:67:96:67:96:79":7,"s:98:8:98:Infinity":32}}}
,"C:\\Programming\\rotmg-raid-bot\\backend\\src\\lib\\logging\\logger.ts": {"path":"C:\\Programming\\rotmg-raid-bot\\backend\\src\\lib\\logging\\logger.ts","statementMap":{"0":{"start":{"line":18,"column":6},"end":{"line":28,"column":null}},"1":{"start":{"line":35,"column":2},"end":{"line":35,"column":null}},"2":{"start":{"line":41,"column":22},"end":{"line":41,"column":null}}},"fnMap":{"0":{"name":"createLogger","decl":{"start":{"line":34,"column":16},"end":{"line":34,"column":29}},"loc":{"start":{"line":34,"column":46},"end":{"line":36,"column":null}},"line":34}},"branchMap":{"0":{"loc":{"start":{"line":19,"column":9},"end":{"line":19,"column":null}},"type":"binary-expr","locations":[{"start":{"line":19,"column":9},"end":{"line":19,"column":34}},{"start":{"line":19,"column":34},"end":{"line":19,"column":null}}],"line":19},"1":{"loc":{"start":{"line":20,"column":13},"end":{"line":27,"column":null}},"type":"cond-expr","locations":[{"start":{"line":20,"column":53},"end":{"line":27,"column":6}},{"start":{"line":27,"column":6},"end":{"line":27,"column":null}}],"line":20}},"s":{"0":2,"1":3,"2":2},"f":{"0":3},"b":{"0":[2,2],"1":[2,0]},"meta":{"lastBranch":2,"lastFunction":1,"lastStatement":3,"seen":{"s:18:6:28:Infinity":0,"b:19:9:19:34:19:34:19:Infinity":0,"b:20:53:27:6:27:6:27:Infinity":1,"f:34:16:34:29":0,"s:35:2:35:Infinity":1,"s:41:22:41:Infinity":2}}}
,"C:\\Programming\\rotmg-raid-bot\\backend\\src\\services\\quota-service.ts": {"path":"C:\\Programming\\rotmg-raid-bot\\backend\\src\\services\\quota-service.ts","statementMap":{"0":{"start":{"line":16,"column":6},"end":{"line":16,"column":null}},"1":{"start":{"line":72,"column":19},"end":{"line":72,"column":null}},"2":{"start":{"line":75,"column":23},"end":{"line":80,"column":null}},"3":{"start":{"line":83,"column":20},"end":{"line":96,"column":null}},"4":{"start":{"line":98,"column":8},"end":{"line":102,"column":null}},"5":{"start":{"line":99,"column":12},"end":{"line":100,"column":null}},"6":{"start":{"line":101,"column":12},"end":{"line":101,"column":null}},"7":{"start":{"line":104,"column":28},"end":{"line":104,"column":null}},"8":{"start":{"line":105,"column":8},"end":{"line":111,"column":null}},"9":{"start":{"line":113,"column":8},"end":{"line":113,"column":null}},"10":{"start":{"line":130,"column":19},"end":{"line":130,"column":null}},"11":{"start":{"line":133,"column":29},"end":{"line":137,"column":null}},"12":{"start":{"line":140,"column":8},"end":{"line":148,"column":null}},"13":{"start":{"line":141,"column":12},"end":{"line":146,"column":null}},"14":{"start":{"line":147,"column":12},"end":{"line":147,"column":null}},"15":{"start":{"line":151,"column":24},"end":{"line":158,"column":null}},"16":{"start":{"line":160,"column":8},"end":{"line":167,"column":null}},"17":{"start":{"line":161,"column":12},"end":{"line":165,"column":null}},"18":{"start":{"line":166,"column":12},"end":{"line":166,"column":null}},"19":{"start":{"line":170,"column":27},"end":{"line":170,"column":null}},"20":{"start":{"line":171,"column":8},"end":{"line":209,"column":null}},"21":{"start":{"line":172,"column":12},"end":{"line":208,"column":null}},"22":{"start":{"line":174,"column":30},"end":{"line":187,"column":null}},"23":{"start":{"line":189,"column":16},"end":{"line":198,"column":null}},"24":{"start":{"line":191,"column":20},"end":{"line":196,"column":null}},"25":{"start":{"line":197,"column":20},"end":{"line":197,"column":null}},"26":{"start":{"line":200,"column":16},"end":{"line":206,"column":null}},"27":{"start":{"line":207,"column":16},"end":{"line":207,"column":null}},"28":{"start":{"line":211,"column":8},"end":{"line":219,"column":null}},"29":{"start":{"line":221,"column":8},"end":{"line":221,"column":null}},"30":{"start":{"line":238,"column":19},"end":{"line":238,"column":null}},"31":{"start":{"line":241,"column":29},"end":{"line":245,"column":null}},"32":{"start":{"line":248,"column":8},"end":{"line":255,"column":null}},"33":{"start":{"line":249,"column":12},"end":{"line":253,"column":null}},"34":{"start":{"line":254,"column":12},"end":{"line":254,"column":null}},"35":{"start":{"line":258,"column":24},"end":{"line":263,"column":null}},"36":{"start":{"line":265,"column":8},"end":{"line":269,"column":null}},"37":{"start":{"line":266,"column":12},"end":{"line":267,"column":null}},"38":{"start":{"line":268,"column":12},"end":{"line":268,"column":null}},"39":{"start":{"line":272,"column":27},"end":{"line":272,"column":null}},"40":{"start":{"line":273,"column":8},"end":{"line":303,"column":null}},"41":{"start":{"line":274,"column":12},"end":{"line":302,"column":null}},"42":{"start":{"line":276,"column":30},"end":{"line":289,"column":null}},"43":{"start":{"line":291,"column":16},"end":{"line":293,"column":null}},"44":{"start":{"line":292,"column":20},"end":{"line":292,"column":null}},"45":{"start":{"line":295,"column":16},"end":{"line":300,"column":null}},"46":{"start":{"line":301,"column":16},"end":{"line":301,"column":null}},"47":{"start":{"line":305,"column":8},"end":{"line":312,"column":null}},"48":{"start":{"line":314,"column":8},"end":{"line":314,"column":null}},"49":{"start":{"line":336,"column":8},"end":{"line":357,"column":null}},"50":{"start":{"line":337,"column":24},"end":{"line":345,"column":null}},"51":{"start":{"line":347,"column":12},"end":{"line":352,"column":null}},"52":{"start":{"line":348,"column":31},"end":{"line":348,"column":null}},"53":{"start":{"line":349,"column":16},"end":{"line":350,"column":null}},"54":{"start":{"line":351,"column":16},"end":{"line":351,"column":null}},"55":{"start":{"line":354,"column":12},"end":{"line":355,"column":null}},"56":{"start":{"line":356,"column":12},"end":{"line":356,"column":null}},"57":{"start":{"line":360,"column":20},"end":{"line":369,"column":null}},"58":{"start":{"line":372,"column":8},"end":{"line":377,"column":null}},"59":{"start":{"line":373,"column":27},"end":{"line":373,"column":null}},"60":{"start":{"line":374,"column":12},"end":{"line":375,"column":null}},"61":{"start":{"line":376,"column":12},"end":{"line":376,"column":null}},"62":{"start":{"line":380,"column":8},"end":{"line":381,"column":null}},"63":{"start":{"line":382,"column":8},"end":{"line":382,"column":null}},"64":{"start":{"line":396,"column":20},"end":{"line":401,"column":null}},"65":{"start":{"line":403,"column":8},"end":{"line":405,"column":null}},"66":{"start":{"line":404,"column":12},"end":{"line":404,"column":null}},"67":{"start":{"line":407,"column":8},"end":{"line":407,"column":null}}},"fnMap":{"0":{"name":"(anonymous_0)","decl":{"start":{"line":68,"column":10},"end":{"line":68,"column":null}},"loc":{"start":{"line":71,"column":23},"end":{"line":114,"column":null}},"line":71},"1":{"name":"(anonymous_1)","decl":{"start":{"line":126,"column":10},"end":{"line":126,"column":null}},"loc":{"start":{"line":129,"column":23},"end":{"line":222,"column":null}},"line":129},"2":{"name":"(anonymous_2)","decl":{"start":{"line":234,"column":10},"end":{"line":234,"column":null}},"loc":{"start":{"line":237,"column":23},"end":{"line":315,"column":null}},"line":237},"3":{"name":"(anonymous_3)","decl":{"start":{"line":329,"column":18},"end":{"line":329,"column":null}},"loc":{"start":{"line":334,"column":23},"end":{"line":383,"column":null}},"line":334},"4":{"name":"(anonymous_4)","decl":{"start":{"line":391,"column":18},"end":{"line":391,"column":null}},"loc":{"start":{"line":395,"column":23},"end":{"line":408,"column":null}},"line":395}},"branchMap":{"0":{"loc":{"start":{"line":72,"column":19},"end":{"line":72,"column":null}},"type":"binary-expr","locations":[{"start":{"line":72,"column":19},"end":{"line":72,"column":29}},{"start":{"line":72,"column":29},"end":{"line":72,"column":null}}],"line":72},"1":{"loc":{"start":{"line":98,"column":8},"end":{"line":102,"column":null}},"type":"if","locations":[{"start":{"line":98,"column":8},"end":{"line":102,"column":null}},{"start":{},"end":{}}],"line":98},"2":{"loc":{"start":{"line":130,"column":19},"end":{"line":130,"column":null}},"type":"binary-expr","locations":[{"start":{"line":130,"column":19},"end":{"line":130,"column":29}},{"start":{"line":130,"column":29},"end":{"line":130,"column":null}}],"line":130},"3":{"loc":{"start":{"line":140,"column":8},"end":{"line":148,"column":null}},"type":"if","locations":[{"start":{"line":140,"column":8},"end":{"line":148,"column":null}},{"start":{},"end":{}}],"line":140},"4":{"loc":{"start":{"line":160,"column":8},"end":{"line":167,"column":null}},"type":"if","locations":[{"start":{"line":160,"column":8},"end":{"line":167,"column":null}},{"start":{},"end":{}}],"line":160},"5":{"loc":{"start":{"line":189,"column":16},"end":{"line":198,"column":null}},"type":"if","locations":[{"start":{"line":189,"column":16},"end":{"line":198,"column":null}},{"start":{},"end":{}}],"line":189},"6":{"loc":{"start":{"line":189,"column":20},"end":{"line":189,"column":58}},"type":"binary-expr","locations":[{"start":{"line":189,"column":20},"end":{"line":189,"column":38}},{"start":{"line":189,"column":38},"end":{"line":189,"column":58}}],"line":189},"7":{"loc":{"start":{"line":238,"column":19},"end":{"line":238,"column":null}},"type":"binary-expr","locations":[{"start":{"line":238,"column":19},"end":{"line":238,"column":29}},{"start":{"line":238,"column":29},"end":{"line":238,"column":null}}],"line":238},"8":{"loc":{"start":{"line":248,"column":8},"end":{"line":255,"column":null}},"type":"if","locations":[{"start":{"line":248,"column":8},"end":{"line":255,"column":null}},{"start":{},"end":{}}],"line":248},"9":{"loc":{"start":{"line":265,"column":8},"end":{"line":269,"column":null}},"type":"if","locations":[{"start":{"line":265,"column":8},"end":{"line":269,"column":null}},{"start":{},"end":{}}],"line":265},"10":{"loc":{"start":{"line":291,"column":16},"end":{"line":293,"column":null}},"type":"if","locations":[{"start":{"line":291,"column":16},"end":{"line":293,"column":null}},{"start":{},"end":{}}],"line":291},"11":{"loc":{"start":{"line":291,"column":20},"end":{"line":291,"column":58}},"type":"binary-expr","locations":[{"start":{"line":291,"column":20},"end":{"line":291,"column":38}},{"start":{"line":291,"column":38},"end":{"line":291,"column":58}}],"line":291},"12":{"loc":{"start":{"line":333,"column":8},"end":{"line":333,"column":null}},"type":"default-arg","locations":[{"start":{"line":333,"column":39},"end":{"line":333,"column":null}}],"line":333},"13":{"loc":{"start":{"line":336,"column":8},"end":{"line":357,"column":null}},"type":"if","locations":[{"start":{"line":336,"column":8},"end":{"line":357,"column":null}},{"start":{},"end":{}}],"line":336},"14":{"loc":{"start":{"line":336,"column":12},"end":{"line":336,"column":54}},"type":"binary-expr","locations":[{"start":{"line":336,"column":12},"end":{"line":336,"column":28}},{"start":{"line":336,"column":28},"end":{"line":336,"column":54}}],"line":336},"15":{"loc":{"start":{"line":347,"column":12},"end":{"line":352,"column":null}},"type":"if","locations":[{"start":{"line":347,"column":12},"end":{"line":352,"column":null}},{"start":{},"end":{}}],"line":347},"16":{"loc":{"start":{"line":347,"column":16},"end":{"line":347,"column":50}},"type":"binary-expr","locations":[{"start":{"line":347,"column":16},"end":{"line":347,"column":32}},{"start":{"line":347,"column":32},"end":{"line":347,"column":50}}],"line":347},"17":{"loc":{"start":{"line":372,"column":8},"end":{"line":377,"column":null}},"type":"if","locations":[{"start":{"line":372,"column":8},"end":{"line":377,"column":null}},{"start":{},"end":{}}],"line":372},"18":{"loc":{"start":{"line":372,"column":12},"end":{"line":372,"column":46}},"type":"binary-expr","locations":[{"start":{"line":372,"column":12},"end":{"line":372,"column":28}},{"start":{"line":372,"column":28},"end":{"line":372,"column":46}}],"line":372},"19":{"loc":{"start":{"line":394,"column":8},"end":{"line":394,"column":null}},"type":"default-arg","locations":[{"start":{"line":394,"column":39},"end":{"line":394,"column":null}}],"line":394},"20":{"loc":{"start":{"line":403,"column":8},"end":{"line":405,"column":null}},"type":"if","locations":[{"start":{"line":403,"column":8},"end":{"line":405,"column":null}},{"start":{},"end":{}}],"line":403},"21":{"loc":{"start":{"line":403,"column":12},"end":{"line":403,"column":46}},"type":"binary-expr","locations":[{"start":{"line":403,"column":12},"end":{"line":403,"column":28}},{"start":{"line":403,"column":28},"end":{"line":403,"column":46}}],"line":403}},"s":{"0":2,"1":13,"2":13,"3":13,"4":13,"5":2,"6":2,"7":11,"8":11,"9":11,"10":10,"11":10,"12":10,"13":1,"14":1,"15":9,"16":9,"17":2,"18":2,"19":7,"20":7,"21":9,"22":9,"23":9,"24":9,"25":9,"26":0,"27":0,"28":7,"29":7,"30":13,"31":13,"32":13,"33":1,"34":1,"35":12,"36":12,"37":2,"38":2,"39":10,"40":10,"41":12,"42":12,"43":12,"44":10,"45":0,"46":0,"47":10,"48":10,"49":13,"50":12,"51":12,"52":0,"53":0,"54":0,"55":12,"56":12,"57":1,"58":1,"59":1,"60":1,"61":1,"62":0,"63":0,"64":23,"65":23,"66":5,"67":18},"f":{"0":13,"1":10,"2":13,"3":13,"4":23},"b":{"0":[13,6],"1":[2,11],"2":[10,9],"3":[1,9],"4":[2,7],"5":[9,0],"6":[9,9],"7":[13,7],"8":[1,12],"9":[2,10],"10":[10,2],"11":[12,10],"12":[13],"13":[12,1],"14":[13,1],"15":[0,12],"16":[12,0],"17":[1,0],"18":[1,1],"19":[23],"20":[5,18],"21":[23,5]},"meta":{"lastBranch":22,"lastFunction":5,"lastStatement":68,"seen":{"s:16:6:16:Infinity":0,"f:68:10:68:Infinity":0,"s:72:19:72:Infinity":1,"b:72:19:72:29:72:29:72:Infinity":0,"s:75:23:80:Infinity":2,"s:83:20:96:Infinity":3,"b:98:8:102:Infinity:undefined:undefined:undefined:undefined":1,"s:98:8:102:Infinity":4,"s:99:12:100:Infinity":5,"s:101:12:101:Infinity":6,"s:104:28:104:Infinity":7,"s:105:8:111:Infinity":8,"s:113:8:113:Infinity":9,"f:126:10:126:Infinity":1,"s:130:19:130:Infinity":10,"b:130:19:130:29:130:29:130:Infinity":2,"s:133:29:137:Infinity":11,"b:140:8:148:Infinity:undefined:undefined:undefined:undefined":3,"s:140:8:148:Infinity":12,"s:141:12:146:Infinity":13,"s:147:12:147:Infinity":14,"s:151:24:158:Infinity":15,"b:160:8:167:Infinity:undefined:undefined:undefined:undefined":4,"s:160:8:167:Infinity":16,"s:161:12:165:Infinity":17,"s:166:12:166:Infinity":18,"s:170:27:170:Infinity":19,"s:171:8:209:Infinity":20,"s:172:12:208:Infinity":21,"s:174:30:187:Infinity":22,"b:189:16:198:Infinity:undefined:undefined:undefined:undefined":5,"s:189:16:198:Infinity":23,"b:189:20:189:38:189:38:189:58":6,"s:191:20:196:Infinity":24,"s:197:20:197:Infinity":25,"s:200:16:206:Infinity":26,"s:207:16:207:Infinity":27,"s:211:8:219:Infinity":28,"s:221:8:221:Infinity":29,"f:234:10:234:Infinity":2,"s:238:19:238:Infinity":30,"b:238:19:238:29:238:29:238:Infinity":7,"s:241:29:245:Infinity":31,"b:248:8:255:Infinity:undefined:undefined:undefined:undefined":8,"s:248:8:255:Infinity":32,"s:249:12:253:Infinity":33,"s:254:12:254:Infinity":34,"s:258:24:263:Infinity":35,"b:265:8:269:Infinity:undefined:undefined:undefined:undefined":9,"s:265:8:269:Infinity":36,"s:266:12:267:Infinity":37,"s:268:12:268:Infinity":38,"s:272:27:272:Infinity":39,"s:273:8:303:Infinity":40,"s:274:12:302:Infinity":41,"s:276:30:289:Infinity":42,"b:291:16:293:Infinity:undefined:undefined:undefined:undefined":10,"s:291:16:293:Infinity":43,"b:291:20:291:38:291:38:291:58":11,"s:292:20:292:Infinity":44,"s:295:16:300:Infinity":45,"s:301:16:301:Infinity":46,"s:305:8:312:Infinity":47,"s:314:8:314:Infinity":48,"f:329:18:329:Infinity":3,"b:333:39:333:Infinity":12,"b:336:8:357:Infinity:undefined:undefined:undefined:undefined":13,"s:336:8:357:Infinity":49,"b:336:12:336:28:336:28:336:54":14,"s:337:24:345:Infinity":50,"b:347:12:352:Infinity:undefined:undefined:undefined:undefined":15,"s:347:12:352:Infinity":51,"b:347:16:347:32:347:32:347:50":16,"s:348:31:348:Infinity":52,"s:349:16:350:Infinity":53,"s:351:16:351:Infinity":54,"s:354:12:355:Infinity":55,"s:356:12:356:Infinity":56,"s:360:20:369:Infinity":57,"b:372:8:377:Infinity:undefined:undefined:undefined:undefined":17,"s:372:8:377:Infinity":58,"b:372:12:372:28:372:28:372:46":18,"s:373:27:373:Infinity":59,"s:374:12:375:Infinity":60,"s:376:12:376:Infinity":61,"s:380:8:381:Infinity":62,"s:382:8:382:Infinity":63,"f:391:18:391:Infinity":4,"b:394:39:394:Infinity":19,"s:396:20:401:Infinity":64,"b:403:8:405:Infinity:undefined:undefined:undefined:undefined":20,"s:403:8:405:Infinity":65,"b:403:12:403:28:403:28:403:46":21,"s:404:12:404:Infinity":66,"s:407:8:407:Infinity":67}}}
,"C:\\Programming\\rotmg-raid-bot\\backend\\src\\services\\run-service.ts": {"path":"C:\\Programming\\rotmg-raid-bot\\backend\\src\\services\\run-service.ts","statementMap":{"0":{"start":{"line":17,"column":6},"end":{"line":17,"column":null}},"1":{"start":{"line":20,"column":21},"end":{"line":20,"column":null}},"2":{"start":{"line":69,"column":19},"end":{"line":69,"column":null}},"3":{"start":{"line":70,"column":4},"end":{"line":80,"column":null}},"4":{"start":{"line":71,"column":8},"end":{"line":71,"column":null}},"5":{"start":{"line":72,"column":23},"end":{"line":72,"column":null}},"6":{"start":{"line":73,"column":8},"end":{"line":73,"column":null}},"7":{"start":{"line":74,"column":8},"end":{"line":74,"column":null}},"8":{"start":{"line":76,"column":8},"end":{"line":76,"column":null}},"9":{"start":{"line":77,"column":8},"end":{"line":77,"column":null}},"10":{"start":{"line":79,"column":8},"end":{"line":79,"column":null}},"11":{"start":{"line":97,"column":4},"end":{"line":98,"column":null}},"12":{"start":{"line":100,"column":18},"end":{"line":138,"column":null}},"13":{"start":{"line":102,"column":8},"end":{"line":106,"column":null}},"14":{"start":{"line":109,"column":8},"end":{"line":113,"column":null}},"15":{"start":{"line":116,"column":20},"end":{"line":135,"column":null}},"16":{"start":{"line":137,"column":8},"end":{"line":137,"column":null}},"17":{"start":{"line":140,"column":4},"end":{"line":141,"column":null}},"18":{"start":{"line":143,"column":4},"end":{"line":143,"column":null}},"19":{"start":{"line":165,"column":4},"end":{"line":166,"column":null}},"20":{"start":{"line":168,"column":19},"end":{"line":215,"column":null}},"21":{"start":{"line":170,"column":8},"end":{"line":176,"column":null}},"22":{"start":{"line":179,"column":37},"end":{"line":185,"column":null}},"23":{"start":{"line":188,"column":34},"end":{"line":188,"column":null}},"24":{"start":{"line":190,"column":8},"end":{"line":209,"column":null}},"25":{"start":{"line":192,"column":12},"end":{"line":197,"column":null}},"26":{"start":{"line":198,"column":12},"end":{"line":199,"column":null}},"27":{"start":{"line":202,"column":12},"end":{"line":206,"column":null}},"28":{"start":{"line":207,"column":12},"end":{"line":208,"column":null}},"29":{"start":{"line":211,"column":8},"end":{"line":214,"column":null}},"30":{"start":{"line":217,"column":4},"end":{"line":222,"column":null}},"31":{"start":{"line":224,"column":4},"end":{"line":224,"column":null}}},"fnMap":{"0":{"name":"withTransaction","decl":{"start":{"line":68,"column":15},"end":{"line":68,"column":34}},"loc":{"start":{"line":68,"column":86},"end":{"line":81,"column":null}},"line":68},"1":{"name":"createRunWithTransaction","decl":{"start":{"line":96,"column":22},"end":{"line":96,"column":47}},"loc":{"start":{"line":96,"column":96},"end":{"line":144,"column":null}},"line":96},"2":{"name":"(anonymous_2)","decl":{"start":{"line":100,"column":40},"end":{"line":100,"column":47}},"loc":{"start":{"line":100,"column":58},"end":{"line":138,"column":5}},"line":100},"3":{"name":"endRunWithTransaction","decl":{"start":{"line":164,"column":22},"end":{"line":164,"column":44}},"loc":{"start":{"line":164,"column":87},"end":{"line":225,"column":null}},"line":164},"4":{"name":"(anonymous_4)","decl":{"start":{"line":168,"column":41},"end":{"line":168,"column":48}},"loc":{"start":{"line":168,"column":59},"end":{"line":215,"column":5}},"line":168}},"branchMap":{"0":{"loc":{"start":{"line":129,"column":16},"end":{"line":129,"column":null}},"type":"binary-expr","locations":[{"start":{"line":129,"column":16},"end":{"line":129,"column":37}},{"start":{"line":129,"column":37},"end":{"line":129,"column":null}}],"line":129},"1":{"loc":{"start":{"line":130,"column":16},"end":{"line":130,"column":null}},"type":"binary-expr","locations":[{"start":{"line":130,"column":16},"end":{"line":130,"column":31}},{"start":{"line":130,"column":31},"end":{"line":130,"column":null}}],"line":130},"2":{"loc":{"start":{"line":131,"column":16},"end":{"line":131,"column":null}},"type":"binary-expr","locations":[{"start":{"line":131,"column":16},"end":{"line":131,"column":34}},{"start":{"line":131,"column":34},"end":{"line":131,"column":null}}],"line":131},"3":{"loc":{"start":{"line":133,"column":16},"end":{"line":133,"column":null}},"type":"binary-expr","locations":[{"start":{"line":133,"column":16},"end":{"line":133,"column":32}},{"start":{"line":133,"column":32},"end":{"line":133,"column":null}}],"line":133},"4":{"loc":{"start":{"line":190,"column":8},"end":{"line":209,"column":null}},"type":"if","locations":[{"start":{"line":190,"column":8},"end":{"line":209,"column":null}},{"start":{"line":200,"column":15},"end":{"line":209,"column":null}}],"line":190}},"s":{"0":1,"1":1,"2":7,"3":7,"4":7,"5":7,"6":7,"7":7,"8":0,"9":0,"10":7,"11":0,"12":0,"13":0,"14":0,"15":0,"16":0,"17":0,"18":0,"19":7,"20":7,"21":7,"22":7,"23":7,"24":7,"25":1,"26":1,"27":6,"28":6,"29":7,"30":7,"31":7},"f":{"0":7,"1":0,"2":0,"3":7,"4":7},"b":{"0":[0,0],"1":[0,0],"2":[0,0],"3":[0,0],"4":[1,6]},"meta":{"lastBranch":5,"lastFunction":5,"lastStatement":32,"seen":{"s:17:6:17:Infinity":0,"s:20:21:20:Infinity":1,"f:68:15:68:34":0,"s:69:19:69:Infinity":2,"s:70:4:80:Infinity":3,"s:71:8:71:Infinity":4,"s:72:23:72:Infinity":5,"s:73:8:73:Infinity":6,"s:74:8:74:Infinity":7,"s:76:8:76:Infinity":8,"s:77:8:77:Infinity":9,"s:79:8:79:Infinity":10,"f:96:22:96:47":1,"s:97:4:98:Infinity":11,"s:100:18:138:Infinity":12,"f:100:40:100:47":2,"s:102:8:106:Infinity":13,"s:109:8:113:Infinity":14,"s:116:20:135:Infinity":15,"b:129:16:129:37:129:37:129:Infinity":0,"b:130:16:130:31:130:31:130:Infinity":1,"b:131:16:131:34:131:34:131:Infinity":2,"b:133:16:133:32:133:32:133:Infinity":3,"s:137:8:137:Infinity":16,"s:140:4:141:Infinity":17,"s:143:4:143:Infinity":18,"f:164:22:164:44":3,"s:165:4:166:Infinity":19,"s:168:19:215:Infinity":20,"f:168:41:168:48":4,"s:170:8:176:Infinity":21,"s:179:37:185:Infinity":22,"s:188:34:188:Infinity":23,"b:190:8:209:Infinity:200:15:209:Infinity":4,"s:190:8:209:Infinity":24,"s:192:12:197:Infinity":25,"s:198:12:199:Infinity":26,"s:202:12:206:Infinity":27,"s:207:12:208:Infinity":28,"s:211:8:214:Infinity":29,"s:217:4:222:Infinity":30,"s:224:4:224:Infinity":31}}}
,"C:\\Programming\\rotmg-raid-bot\\backend\\test\\helpers\\test-db.ts": {"path":"C:\\Programming\\rotmg-raid-bot\\backend\\test\\helpers\\test-db.ts","statementMap":{"0":{"start":{"line":18,"column":2},"end":{"line":18,"column":null}},"1":{"start":{"line":19,"column":2},"end":{"line":19,"column":null}},"2":{"start":{"line":20,"column":2},"end":{"line":20,"column":null}},"3":{"start":{"line":21,"column":2},"end":{"line":21,"column":null}},"4":{"start":{"line":22,"column":2},"end":{"line":22,"column":null}},"5":{"start":{"line":23,"column":2},"end":{"line":23,"column":null}},"6":{"start":{"line":24,"column":2},"end":{"line":24,"column":null}},"7":{"start":{"line":25,"column":2},"end":{"line":25,"column":null}},"8":{"start":{"line":26,"column":2},"end":{"line":26,"column":null}},"9":{"start":{"line":27,"column":2},"end":{"line":27,"column":null}},"10":{"start":{"line":28,"column":2},"end":{"line":28,"column":null}},"11":{"start":{"line":36,"column":2},"end":{"line":36,"column":null}},"12":{"start":{"line":43,"column":2},"end":{"line":46,"column":null}},"13":{"start":{"line":53,"column":2},"end":{"line":56,"column":null}},"14":{"start":{"line":67,"column":2},"end":{"line":72,"column":null}},"15":{"start":{"line":85,"column":14},"end":{"line":90,"column":null}},"16":{"start":{"line":91,"column":2},"end":{"line":91,"column":null}},"17":{"start":{"line":98,"column":2},"end":{"line":102,"column":null}},"18":{"start":{"line":113,"column":2},"end":{"line":117,"column":null}},"19":{"start":{"line":128,"column":2},"end":{"line":133,"column":null}},"20":{"start":{"line":144,"column":2},"end":{"line":149,"column":null}},"21":{"start":{"line":163,"column":2},"end":{"line":163,"column":null}},"22":{"start":{"line":165,"column":2},"end":{"line":170,"column":null}}},"fnMap":{"0":{"name":"cleanDatabase","decl":{"start":{"line":17,"column":22},"end":{"line":17,"column":53}},"loc":{"start":{"line":17,"column":53},"end":{"line":29,"column":null}},"line":17},"1":{"name":"closeDatabase","decl":{"start":{"line":35,"column":22},"end":{"line":35,"column":53}},"loc":{"start":{"line":35,"column":53},"end":{"line":37,"column":null}},"line":35},"2":{"name":"createTestGuild","decl":{"start":{"line":42,"column":22},"end":{"line":42,"column":38}},"loc":{"start":{"line":42,"column":96},"end":{"line":47,"column":null}},"line":42},"3":{"name":"createTestMember","decl":{"start":{"line":52,"column":22},"end":{"line":52,"column":39}},"loc":{"start":{"line":52,"column":93},"end":{"line":57,"column":null}},"line":52},"4":{"name":"createGuildRoleMapping","decl":{"start":{"line":62,"column":22},"end":{"line":62,"column":null}},"loc":{"start":{"line":66,"column":17},"end":{"line":73,"column":null}},"line":66},"5":{"name":"createTestRun","decl":{"start":{"line":79,"column":22},"end":{"line":79,"column":null}},"loc":{"start":{"line":84,"column":19},"end":{"line":92,"column":null}},"line":84},"6":{"name":"addParticipant","decl":{"start":{"line":97,"column":22},"end":{"line":97,"column":37}},"loc":{"start":{"line":97,"column":99},"end":{"line":103,"column":null}},"line":97},"7":{"name":"addKeyPopSnapshot","decl":{"start":{"line":108,"column":22},"end":{"line":108,"column":null}},"loc":{"start":{"line":112,"column":17},"end":{"line":118,"column":null}},"line":112},"8":{"name":"setRaiderPoints","decl":{"start":{"line":123,"column":22},"end":{"line":123,"column":null}},"loc":{"start":{"line":127,"column":17},"end":{"line":134,"column":null}},"line":127},"9":{"name":"setQuotaRoleConfig","decl":{"start":{"line":139,"column":22},"end":{"line":139,"column":null}},"loc":{"start":{"line":143,"column":17},"end":{"line":150,"column":null}},"line":143},"10":{"name":"setQuotaDungeonOverride","decl":{"start":{"line":156,"column":22},"end":{"line":156,"column":null}},"loc":{"start":{"line":161,"column":17},"end":{"line":171,"column":null}},"line":161}},"branchMap":{"0":{"loc":{"start":{"line":42,"column":55},"end":{"line":42,"column":96}},"type":"default-arg","locations":[{"start":{"line":42,"column":67},"end":{"line":42,"column":96}}],"line":42},"1":{"loc":{"start":{"line":52,"column":55},"end":{"line":52,"column":93}},"type":"default-arg","locations":[{"start":{"line":52,"column":66},"end":{"line":52,"column":93}}],"line":52},"2":{"loc":{"start":{"line":83,"column":2},"end":{"line":83,"column":null}},"type":"default-arg","locations":[{"start":{"line":83,"column":11},"end":{"line":83,"column":null}}],"line":83},"3":{"loc":{"start":{"line":97,"column":68},"end":{"line":97,"column":99}},"type":"default-arg","locations":[{"start":{"line":97,"column":76},"end":{"line":97,"column":99}}],"line":97},"4":{"loc":{"start":{"line":142,"column":2},"end":{"line":142,"column":null}},"type":"default-arg","locations":[{"start":{"line":142,"column":19},"end":{"line":142,"column":null}}],"line":142}},"s":{"0":23,"1":23,"2":23,"3":23,"4":23,"5":23,"6":23,"7":23,"8":23,"9":23,"10":23,"11":2,"12":23,"13":69,"14":0,"15":24,"16":24,"17":13,"18":10,"19":5,"20":1,"21":1,"22":1},"f":{"0":23,"1":2,"2":23,"3":69,"4":0,"5":24,"6":13,"7":10,"8":5,"9":1,"10":1},"b":{"0":[23],"1":[69],"2":[24],"3":[13],"4":[1]},"meta":{"lastBranch":5,"lastFunction":11,"lastStatement":23,"seen":{"f:17:22:17:53":0,"s:18:2:18:Infinity":0,"s:19:2:19:Infinity":1,"s:20:2:20:Infinity":2,"s:21:2:21:Infinity":3,"s:22:2:22:Infinity":4,"s:23:2:23:Infinity":5,"s:24:2:24:Infinity":6,"s:25:2:25:Infinity":7,"s:26:2:26:Infinity":8,"s:27:2:27:Infinity":9,"s:28:2:28:Infinity":10,"f:35:22:35:53":1,"s:36:2:36:Infinity":11,"f:42:22:42:38":2,"b:42:67:42:96":0,"s:43:2:46:Infinity":12,"f:52:22:52:39":3,"b:52:66:52:93":1,"s:53:2:56:Infinity":13,"f:62:22:62:Infinity":4,"s:67:2:72:Infinity":14,"f:79:22:79:Infinity":5,"b:83:11:83:Infinity":2,"s:85:14:90:Infinity":15,"s:91:2:91:Infinity":16,"f:97:22:97:37":6,"b:97:76:97:99":3,"s:98:2:102:Infinity":17,"f:108:22:108:Infinity":7,"s:113:2:117:Infinity":18,"f:123:22:123:Infinity":8,"s:128:2:133:Infinity":19,"f:139:22:139:Infinity":9,"b:142:19:142:Infinity":4,"s:144:2:149:Infinity":20,"f:156:22:156:Infinity":10,"s:163:2:163:Infinity":21,"s:165:2:170:Infinity":22}}}
}
